[0.093s] Invoking command in '/home/tijl/dev_ws/build/my_package': CMAKE_PREFIX_PATH=/opt/ros/foxy /usr/bin/cmake /home/tijl/dev_ws/src/my_package -DAMENT_CMAKE_SYMLINK_INSTALL=1 -DCMAKE_INSTALL_PREFIX=/home/tijl/dev_ws/install/my_package
[1.521s] -- The C compiler identification is GNU 9.4.0
[2.641s] -- The CXX compiler identification is GNU 9.4.0
[2.696s] -- Check for working C compiler: /usr/bin/cc
[3.124s] -- Check for working C compiler: /usr/bin/cc -- works
[3.136s] -- Detecting C compiler ABI info
[3.452s] -- Detecting C compiler ABI info - done
[3.496s] -- Detecting C compile features
[3.504s] -- Detecting C compile features - done
[3.517s] -- Check for working CXX compiler: /usr/bin/c++
[3.857s] -- Check for working CXX compiler: /usr/bin/c++ -- works
[3.861s] -- Detecting CXX compiler ABI info
[4.221s] -- Detecting CXX compiler ABI info - done
[4.256s] -- Detecting CXX compile features
[4.257s] -- Detecting CXX compile features - done
[4.293s] -- Found ament_cmake: 0.9.12 (/opt/ros/foxy/share/ament_cmake/cmake)
[4.428s] -- Found PythonInterp: /usr/bin/python3 (found suitable version "3.8.10", minimum required is "3") 
[4.432s] -- Using PYTHON_EXECUTABLE: /usr/bin/python3
[5.117s] -- Override CMake install command with custom implementation using symlinks instead of copying resources
[5.340s] -- Found ament_lint_auto: 0.9.8 (/opt/ros/foxy/share/ament_lint_auto/cmake)
[5.673s] -- Added test 'copyright' to check source files copyright and LICENSE
[5.685s] -- Added test 'lint_cmake' to check CMake code style
[5.693s] -- Added test 'xmllint' to check XML markup files
[5.709s] -- Configuring done
[5.720s] -- Generating done
[5.728s] -- Build files have been written to: /home/tijl/dev_ws/build/my_package
[5.740s] Invoked command in '/home/tijl/dev_ws/build/my_package' returned '0': CMAKE_PREFIX_PATH=/opt/ros/foxy /usr/bin/cmake /home/tijl/dev_ws/src/my_package -DAMENT_CMAKE_SYMLINK_INSTALL=1 -DCMAKE_INSTALL_PREFIX=/home/tijl/dev_ws/install/my_package
[5.753s] Invoking command in '/home/tijl/dev_ws/build/my_package': CMAKE_PREFIX_PATH=/opt/ros/foxy /usr/bin/cmake --build /home/tijl/dev_ws/build/my_package -- -j4 -l4
[5.916s] Invoked command in '/home/tijl/dev_ws/build/my_package' returned '0': CMAKE_PREFIX_PATH=/opt/ros/foxy /usr/bin/cmake --build /home/tijl/dev_ws/build/my_package -- -j4 -l4
[5.961s] Invoking command in '/home/tijl/dev_ws/build/my_package': CMAKE_PREFIX_PATH=/opt/ros/foxy /usr/bin/cmake --install /home/tijl/dev_ws/build/my_package
[5.988s] -- Install configuration: ""
[5.989s] -- Execute custom install script
[5.993s] CMake Error at ament_cmake_symlink_install/ament_cmake_symlink_install.cmake:100 (message):
[5.993s]   ament_cmake_symlink_install_directory() can't find
[5.993s]   '/home/tijl/dev_ws/src/my_package/launch'
[5.993s] Call Stack (most recent call first):
[5.993s]   ament_cmake_symlink_install/ament_cmake_symlink_install.cmake:314 (ament_cmake_symlink_install_directory)
[5.993s]   cmake_install.cmake:41 (include)
[5.993s] 
[5.993s] 
[6.012s] Invoked command in '/home/tijl/dev_ws/build/my_package' returned '1': CMAKE_PREFIX_PATH=/opt/ros/foxy /usr/bin/cmake --install /home/tijl/dev_ws/build/my_package
